 
New instance of bashtop version: 0.9.25 Pid: 2328
 
New instance of bashtop version: 0.9.25 Pid: 6281
 
New instance of bashtop version: 0.9.25 Pid: 106478
 
New instance of bashtop version: 0.9.25 Pid: 109035
 
New instance of bashtop version: 0.9.25 Pid: 109382
 
New instance of bashtop version: 0.9.25 Pid: 114109
03:00:00 PM ERROR: On line 680 
 
New instance of bashtop version: 0.9.25 Pid: 24184
 
New instance of bashtop version: 0.9.25 Pid: 24529
 
New instance of bashtop version: 0.9.25 Pid: 115350
 
New instance of bashtop version: 0.9.25 Pid: 143784
 
New instance of bashtop version: 0.9.25 Pid: 1528
 
New instance of bashtop version: 0.9.25 Pid: 17242
 
New instance of bashtop version: 0.9.25 Pid: 4348
 
New instance of bashtop version: 0.9.25 Pid: 5519
 
New instance of bashtop version: 0.9.25 Pid: 7938
09:35:00 PM ERROR: On line 680 
 
New instance of bashtop version: 0.9.25 Pid: 8380
 
New instance of bashtop version: 0.9.25 Pid: 34792
 
New instance of bashtop version: 0.9.25 Pid: 43042
 
New instance of bashtop version: 0.9.25 Pid: 5954
 
New instance of bashtop version: 0.9.25 Pid: 18414
 
New instance of bashtop version: 0.9.25 Pid: 20408
07:40:33 PM ERROR: On line 4353 
07:40:33 PM ERROR: On line 4353 
stty: 'standard input': Input/output error
07:40:33 PM ERROR: On line 4356 
/usr/bin/bashtop: line 3570: echo: write error: Input/output error
07:40:33 PM ERROR: On line 3570 
07:40:33 PM ERROR: On line 4714 
07:40:33 PM ERROR: On line 4353 
stty: 'standard input': Input/output error
07:40:33 PM ERROR: On line 4356 
/usr/bin/bashtop: line 3570: echo: write error: Input/output error
07:40:33 PM ERROR: On line 3570 
07:40:33 PM ERROR: On line 4714 
stty: 'standard input': Input/output error
stty: 'standard input': Input/output error
07:40:33 PM ERROR: On line 659 
07:40:33 PM ERROR: On line 659 
/usr/bin/bashtop: line 660: ((: <80 | <24: syntax error: operand expected (error token is "<80 | <24")
/usr/bin/bashtop: line 664: echo: write error: Input/output error
07:40:33 PM ERROR: On line 664 
 
New instance of bashtop version: 0.9.25 Pid: 23375
 
New instance of bashtop version: 0.9.25 Pid: 24481
 
New instance of bashtop version: 0.9.25 Pid: 78272
 
New instance of bashtop version: 0.9.25 Pid: 122112
 
New instance of bashtop version: 0.9.25 Pid: 2664
 
New instance of bashtop version: 0.9.25 Pid: 23468
 
New instance of bashtop version: 0.9.25 Pid: 24394
 
New instance of bashtop version: 0.9.25 Pid: 2711
